Tue Feb 22 19:25:40 2011 This schematic was opened in gschem.

Wed Feb 23 20:14:11 2011 This schematic was opened in gschem.

Sun Feb 27 13:12:55 2011 This schematic was opened in gschem.

Sun Feb 27 13:15:28 2011 This schematic was opened in gschem.

Sun Feb 27 13:21:09 2011 This schematic was opened in gschem.

Sat Mar 26 17:51:58 2011 This schematic was opened in gschem.

Thu May 12 20:00:43 2011 This schematic was opened in gschem.

Sun Jun 19 10:30:13 2011 This schematic was opened in gschem.

Sat Jul 02 23:10:45 2011 This schematic was opened in gschem.

Sun Nov 06 18:16:52 2011 bluemote_pod.sch was opened in gschem.

Sun Nov 06 19:00:59 2011 A refdes renumber was performed after the schematic was backed up.  Page increment was used.  

Sun Nov 06 19:01:27 2011 bluemote_pod.sch was opened in gschem.

Sun Nov 06 20:02:40 2011 bluemote_pod.sch was opened in gschem.


Sun Nov 06 20:03:23 2011 bluemote_pod.sch was opened in gschem.

Sun Nov 06 20:04:21 2011 bluemote_pod.sch was opened in gschem.


Sat Nov 12 21:56:59 2011 bluemote_pod.sch was opened in gschem.

Sat Nov 12 21:58:51 2011 bluemote_pod.sch was opened in gschem.

Sat Nov 12 22:00:54 2011 bluemote_pod.sch was opened in gschem.

Sun Nov 13 15:30:37 2011 bluemote_pod.sch was opened in gschem.

Sun Nov 13 15:31:55 2011 bluemote_pod.sch was opened in gschem.

Wed Nov 16 19:29:34 2011 bluemote_pod.sch was opened in gschem.


Sat Nov 19 20:00:40 2011 bluemote_pod.sch was opened in gschem.

