Fri Jan 21 07:39:16 2011 The project was opened.

Fri Jan 21 07:39:18 2011 Opened the schematic bluemote_pod.sch in gschem.

Fri Jan 21 07:41:16 2011 A standard BOM was performed on the project.

Fri Jan 21 07:43:09 2011 A schematic to PCB conversion was performed.  bluemote_pod.pcb is a totally new PCB.

Fri Jan 21 07:43:43 2011 bluemote_pod.pcb was opened.

Fri Jan 21 07:47:59 2011 Opened the schematic bluemote_pod.sch in gschem.

Fri Jan 21 07:48:53 2011 A refdes renumber was performed.  Page increment was used.  It was a total renumber.  

Fri Jan 21 07:49:04 2011 Opened the schematic bluemote_pod.sch in gschem.

Fri Jan 21 07:50:13 2011 The project was closed along with the program.

Sat Jan 22 10:45:46 2011 The project was opened.

Sat Jan 22 10:45:49 2011 Opened the schematic bluemote_pod.sch in gschem.

Sat Jan 22 15:11:39 2011 Opened the schematic bluemote_pod.sch in gschem.

Sun Jan 23 09:14:23 2011 The project was saved.

Sun Jan 23 09:14:26 2011 The project was closed along with the program.

Mon Jan 24 22:31:36 2011 The project was opened.

Mon Jan 24 22:31:38 2011 Opened the schematic bluemote_pod.sch in gschem.

Mon Jan 24 23:02:11 2011 The project was saved.

Mon Jan 24 23:02:12 2011 Opened the schematic bluemote_pod.sch in gschem.

Mon Jan 24 23:02:19 2011 The project was closed along with the program.

Sat Jan 29 14:05:02 2011 The project was opened.

Sat Jan 29 14:50:10 2011 Opened the schematic bluemote_pod.sch in gschem.

Sat Jan 29 18:29:22 2011 The project was closed along with the program.

Sun Jan 30 11:03:00 2011 The project was opened.

Sun Jan 30 11:10:09 2011 Opened the schematic bluemote_pod.sch in gschem.

Sun Jan 30 11:37:36 2011 The project was closed along with the program.

Sun Jan 30 21:08:15 2011 The project was opened.

Sun Jan 30 21:14:12 2011 Opened the schematic bluemote_pod.sch in gschem.

Sun Jan 30 22:52:11 2011 The project was closed along with the program.

Sun Feb 06 02:58:55 2011 The project was opened.

Sun Feb 06 03:51:46 2011 Opened the schematic bluemote_pod.sch in gschem.

Sun Feb 06 03:55:56 2011 Opened the schematic bluemote_pod.sch in gschem.

Sun Feb 06 04:24:40 2011 Opened the schematic bluemote_pod.sch in gschem.

Sun Feb 06 04:42:15 2011 The project was saved.

Sun Feb 06 04:42:18 2011 The project was closed along with the program.

Tue Feb 08 22:00:27 2011 The project was opened.

Tue Feb 08 22:26:34 2011 Opened the schematic bluemote_pod.sch in gschem.

Tue Feb 08 23:15:42 2011 Opened the schematic bluemote_pod.sch in gschem.

Tue Feb 08 23:24:12 2011 Opened the schematic bluemote_pod.sch in gschem.

Wed Feb 09 00:18:29 2011 The project was closed along with the program.

