Thu Dec 23 18:03:24 2010 'Save as' was performed on the project.

Thu Dec 23 18:04:12 2010 Adding new schematic bluemote_pod.sch to the project.

Thu Dec 23 18:04:58 2010 The project was closed along with the program.

Thu Dec 23 18:05:53 2010 The project was opened.

Thu Dec 23 18:06:18 2010 Adding existing schematic /home/ken/Documents/woelfware/bluemote/hardware_pod/schematics/bluemote_pod.sch to the project.

Thu Dec 23 19:01:51 2010 The project was closed along with the program.

Fri Dec 24 11:54:50 2010 The project was opened.

Fri Dec 24 11:55:10 2010 Adding existing schematic /home/ken/Documents/woelfware/bluemote/hardware_pod/schematics/bluemote_pod.sch to the project.

Fri Dec 24 11:55:13 2010 The project was saved.

Fri Dec 24 11:56:18 2010 The project was saved.

Fri Dec 24 12:23:42 2010 Opened the schematic bluemote_pod.sch in gschem.

Fri Dec 24 12:27:21 2010 Opened the schematic bluemote_pod.sch in gschem.

Fri Dec 24 17:02:56 2010 The project was closed along with the program.

Sat Dec 25 23:07:24 2010 The project was opened.

Sat Dec 25 23:07:27 2010 Opened the schematic bluemote_pod.sch in gschem.

Sat Dec 25 23:32:27 2010 The project was closed along with the program.

Sun Dec 26 11:24:56 2010 The project was opened.

Sun Dec 26 11:25:00 2010 Opened the schematic bluemote_pod.sch in gschem.

Sun Dec 26 11:25:13 2010 The project was closed along with the program.

Sun Dec 26 11:26:01 2010 The project was opened.

Sun Dec 26 11:26:07 2010 Opened the schematic bluemote_pod.sch in gschem.

Sun Dec 26 11:27:11 2010 Opened the schematic bluemote_pod.sch in gschem.

Sun Dec 26 11:30:07 2010 Opened the schematic bluemote_pod.sch in gschem.

Sun Dec 26 11:35:17 2010 The project was saved.

Sun Dec 26 11:36:19 2010 A BOM was generated for just the schematic bluemote_pod.sch.

Sun Dec 26 11:36:30 2010 A refdes renumber was performed.  Results are in the 'scripts_and_logs' folder.  Page increment was used.  

Sun Dec 26 11:36:55 2010 A refdes renumber was performed.  Results are in the 'scripts_and_logs' folder.  Page increment was used.  A total renumber was performed.  

Sun Dec 26 11:37:09 2010 A BOM was generated for just the schematic bluemote_pod.sch.

Sun Dec 26 11:37:37 2010 A DRC was performed for just the schematic bluemote_pod.sch.

Sun Dec 26 11:37:52 2010 A DRC was performed for just the schematic bluemote_pod.sch.

Sun Dec 26 17:17:31 2010 The project was closed along with the program.

Mon Jan 03 12:29:23 2011 The project was opened.

Mon Jan 03 13:25:42 2011 The project was opened.

Mon Jan 03 13:25:58 2011 Opened the schematic bluemote_pod.sch in gschem.

Mon Jan 03 16:26:39 2011 The project was opened.

Mon Jan 03 16:26:41 2011 Opened the schematic bluemote_pod.sch in gschem.

Mon Jan 03 16:27:02 2011 The project was closed along with the program.

Mon Jan 03 17:23:35 2011 The project was opened.

Mon Jan 03 17:24:11 2011 Opened the schematic bluemote_pod.sch in gschem.

Mon Jan 03 17:24:15 2011 Opened the schematic bluemote_pod.sch in gschem.

Mon Jan 03 18:07:15 2011 Opened the schematic bluemote_pod.sch in gschem.

Mon Jan 03 18:09:18 2011 Opened the schematic bluemote_pod.sch in gschem.

Mon Jan 03 18:10:37 2011 The project was closed along with the program.

Mon Jan 03 22:39:59 2011 The project was opened.

Mon Jan 03 22:54:32 2011 The project was closed along with the program.

Mon Jan 03 22:58:23 2011 The project was opened.

Mon Jan 03 23:24:46 2011 The project was closed along with the program.

Sun Jan 09 13:52:16 2011 The project was opened.

Sun Jan 09 13:59:20 2011 Opened the schematic bluemote_pod.sch in gschem.

Sun Jan 09 22:52:24 2011 Opened the schematic bluemote_pod.sch in gschem.

Sun Jan 09 22:53:16 2011 The project was saved.

Sun Jan 09 22:53:16 2011 The project was closed along with the program.

Tue Jan 11 14:06:51 2011 The project was opened.

Tue Jan 11 14:06:59 2011 Opened the schematic bluemote_pod.sch in gschem.

Tue Jan 11 15:18:32 2011 Opened the schematic bluemote_pod.sch in gschem.

Tue Jan 11 15:38:55 2011 Opened the schematic bluemote_pod.sch in gschem.

Tue Jan 11 16:11:52 2011 Opened the schematic bluemote_pod.sch in gschem.

Tue Jan 11 16:16:02 2011 Opened the schematic bluemote_pod.sch in gschem.

Tue Jan 11 16:23:32 2011 Opened the schematic bluemote_pod.sch in gschem.

Tue Jan 11 16:47:21 2011 Opened the schematic bluemote_pod.sch in gschem.

Tue Jan 11 21:28:15 2011 Opened the schematic bluemote_pod.sch in gschem.

Tue Jan 11 21:32:01 2011 Opened the schematic bluemote_pod.sch in gschem.

Tue Jan 11 22:14:31 2011 Opened the schematic bluemote_pod.sch in gschem.

Tue Jan 11 22:25:37 2011 Opened the schematic bluemote_pod.sch in gschem.

Tue Jan 11 22:31:59 2011 Opened the schematic bluemote_pod.sch in gschem.

Tue Jan 11 22:33:50 2011 A refdes renumber was performed.  Results are in the 'scripts_and_logs' folder.  Page increment was used.  

Tue Jan 11 22:34:09 2011 Opened the schematic bluemote_pod.sch in gschem.

Tue Jan 11 23:37:40 2011 Opened the schematic bluemote_pod.sch in gschem.

