Thu Dec 23 18:04:12 2010 This schematic was created and added to the project bluemote_pod.proj.

Thu Dec 23 18:06:18 2010 This existing schematic was added to the project bluemote_pod.proj.

Fri Dec 24 11:55:10 2010 This existing schematic was added to the project bluemote_pod.proj.

Fri Dec 24 12:23:42 2010 This schematic was opened in gschem.

Fri Dec 24 12:27:21 2010 This schematic was opened in gschem.

Sat Dec 25 23:07:27 2010 This schematic was opened in gschem.

Sun Dec 26 11:25:00 2010 This schematic was opened in gschem.

Sun Dec 26 11:26:07 2010 This schematic was opened in gschem.

Sun Dec 26 11:27:11 2010 This schematic was opened in gschem.

Sun Dec 26 11:30:07 2010 This schematic was opened in gschem.

Sun Dec 26 11:36:19 2010 A BOM was generated for just this schematic.

Sun Dec 26 11:37:09 2010 A BOM was generated for just this schematic.

Sun Dec 26 11:37:37 2010 A DRC was performed for just this schematic.

Sun Dec 26 11:37:52 2010 A DRC was performed for just this schematic.

Mon Jan 03 13:25:58 2011 This schematic was opened in gschem.

Mon Jan 03 16:26:41 2011 This schematic was opened in gschem.

Mon Jan 03 17:24:11 2011 This schematic was opened in gschem.

Mon Jan 03 17:24:15 2011 This schematic was opened in gschem.

Mon Jan 03 18:07:15 2011 This schematic was opened in gschem.

Mon Jan 03 18:09:18 2011 This schematic was opened in gschem.

Sun Jan 09 13:59:20 2011 This schematic was opened in gschem.

Sun Jan 09 22:52:24 2011 This schematic was opened in gschem.

Tue Jan 11 14:06:59 2011 This schematic was opened in gschem.

Tue Jan 11 15:18:32 2011 This schematic was opened in gschem.

Tue Jan 11 15:38:55 2011 This schematic was opened in gschem.

Tue Jan 11 16:11:52 2011 This schematic was opened in gschem.

Tue Jan 11 16:16:02 2011 This schematic was opened in gschem.

Tue Jan 11 16:23:32 2011 This schematic was opened in gschem.

Tue Jan 11 16:47:21 2011 This schematic was opened in gschem.

Tue Jan 11 21:28:15 2011 This schematic was opened in gschem.

Tue Jan 11 21:32:01 2011 This schematic was opened in gschem.

Tue Jan 11 22:14:31 2011 This schematic was opened in gschem.

Tue Jan 11 22:25:37 2011 This schematic was opened in gschem.

Tue Jan 11 22:31:59 2011 This schematic was opened in gschem.

Tue Jan 11 22:34:09 2011 This schematic was opened in gschem.

Tue Jan 11 23:37:40 2011 This schematic was opened in gschem.

